<?xml version="1.0" encoding="UTF-8"?>
<testng-results ignored="0" total="4" passed="4" failed="0" skipped="0">
  <reporter-output>
  </reporter-output>
  <suite started-at="2021-07-04T06:40:00Z" name="Suite" finished-at="2021-07-04T06:40:20Z" duration-ms="19798">
    <groups>
    </groups>
    <test started-at="2021-07-04T06:40:00Z" name="Test" finished-at="2021-07-04T06:40:20Z" duration-ms="19798">
      <class name="JustDialPages.Main">
        <test-method is-config="true" signature="setup()[pri:0, instance:JustDialPages.Main@d771cc9]" started-at="2021-07-04T06:39:57Z" name="setup" finished-at="2021-07-04T06:40:00Z" duration-ms="2912" status="PASS">
          <reporter-output>
          </reporter-output>
        </test-method> <!-- setup -->
        <test-method signature="searchTextBoxAndRemoveAd()[pri:0, instance:JustDialPages.Main@d771cc9]" started-at="2021-07-04T06:40:00Z" name="searchTextBoxAndRemoveAd" finished-at="2021-07-04T06:40:12Z" duration-ms="12471" status="PASS">
          <reporter-output>
          </reporter-output>
        </test-method> <!-- searchTextBoxAndRemoveAd -->
        <test-method signature="CarServiceInfoSearching()[pri:1, instance:JustDialPages.Main@d771cc9]" started-at="2021-07-04T06:40:12Z" name="CarServiceInfoSearching" finished-at="2021-07-04T06:40:14Z" duration-ms="1600" status="PASS">
          <reporter-output>
          </reporter-output>
        </test-method> <!-- CarServiceInfoSearching -->
        <test-method signature="ListingPage()[pri:2, instance:JustDialPages.Main@d771cc9]" started-at="2021-07-04T06:40:14Z" name="ListingPage" finished-at="2021-07-04T06:40:16Z" duration-ms="2461" status="PASS">
          <reporter-output>
          </reporter-output>
        </test-method> <!-- ListingPage -->
        <test-method signature="FitnessPage()[pri:3, instance:JustDialPages.Main@d771cc9]" started-at="2021-07-04T06:40:16Z" name="FitnessPage" finished-at="2021-07-04T06:40:20Z" duration-ms="3256" status="PASS">
          <reporter-output>
          </reporter-output>
        </test-method> <!-- FitnessPage -->
        <test-method is-config="true" signature="closeBrowser()[pri:0, instance:JustDialPages.Main@d771cc9]" started-at="2021-07-04T06:40:20Z" name="closeBrowser" finished-at="2021-07-04T06:40:20Z" duration-ms="823" status="PASS">
          <reporter-output>
          </reporter-output>
        </test-method> <!-- closeBrowser -->
      </class> <!-- JustDialPages.Main -->
    </test> <!-- Test -->
  </suite> <!-- Suite -->
</testng-results>
