<?xml version="1.0" encoding="UTF-8"?>
<testng-results ignored="0" total="2" passed="2" failed="0" skipped="0">
  <reporter-output>
  </reporter-output>
  <suite started-at="2021-07-01T12:13:14 IST" name="Suite" finished-at="2021-07-01T12:13:33 IST" duration-ms="19366">
    <groups>
    </groups>
    <test started-at="2021-07-01T12:13:14 IST" name="Test" finished-at="2021-07-01T12:13:33 IST" duration-ms="19366">
      <class name="justdial.car">
        <test-method is-config="true" signature="setup(java.lang.String)[pri:0, instance:justdial.car@74751b3]" started-at="2021-07-01T12:13:14 IST" name="setup" finished-at="2021-07-01T12:13:19 IST" duration-ms="4927" status="PASS">
          <params>
            <param index="0">
              <value>
                <![CDATA[chrome]]>
              </value>
            </param>
          </params>
          <reporter-output>
          </reporter-output>
        </test-method> <!-- setup -->
        <test-method signature="initiate()[pri:1, instance:justdial.car@74751b3]" started-at="2021-07-01T12:13:19 IST" name="initiate" finished-at="2021-07-01T12:13:23 IST" duration-ms="4448" status="PASS">
          <reporter-output>
          </reporter-output>
        </test-method> <!-- initiate -->
        <test-method signature="search()[pri:2, instance:justdial.car@74751b3]" started-at="2021-07-01T12:13:23 IST" name="search" finished-at="2021-07-01T12:13:33 IST" duration-ms="9877" status="PASS">
          <reporter-output>
          </reporter-output>
        </test-method> <!-- search -->
      </class> <!-- justdial.car -->
    </test> <!-- Test -->
  </suite> <!-- Suite -->
</testng-results>
